<?xml version="1.0" encoding="UTF-8"?>
<!-- Generated by org.testng.reporters.JUnitReportReporter -->
<testsuite skipped="0" hostname="5CG7490VWB" name="com.testNG.test1" tests="1" failures="0" timestamp="20 Jun 2019 19:25:39 GMT" time="7.658" errors="0">
  <testcase name="aTagTest1" time="7.658" classname="com.testNG.test1"/>
</testsuite> <!-- com.testNG.test1 -->
