<?xml version="1.0" encoding="UTF-8"?>
<!-- Generated by org.testng.reporters.JUnitReportReporter -->
<testsuite skipped="0" hostname="5CG7490VWB" name="com.testNG.LoginTestNg" tests="1" failures="0" timestamp="20 Jun 2019 18:54:45 GMT" time="6.277" errors="0">
  <testcase name="loginTestNG" time="6.277" classname="com.testNG.LoginTestNg"/>
</testsuite> <!-- com.testNG.LoginTestNg -->
