<?xml version="1.0" encoding="UTF-8"?>
<!-- Generated by org.testng.reporters.JUnitReportReporter -->
<testsuite skipped="0" hostname="5CG7490VWB" name="com.testNG.ExpediaTest" tests="1" failures="0" timestamp="21 Jun 2019 16:42:51 GMT" time="23.316" errors="0">
  <testcase name="hotelReservation" time="23.316" classname="com.testNG.ExpediaTest"/>
</testsuite> <!-- com.testNG.ExpediaTest -->
